<?xml version="1.0" encoding="UTF-8"?>
<testng-results skipped="0" failed="1" ignored="0" total="1" passed="0">
  <reporter-output>
  </reporter-output>
  <suite name="Suite" duration-ms="34304" started-at="2019-10-01T23:41:40 IST" finished-at="2019-10-01T23:42:15 IST">
    <groups>
    </groups>
    <test name="Test" duration-ms="34304" started-at="2019-10-01T23:41:40 IST" finished-at="2019-10-01T23:42:15 IST">
      <class name="BoardGameGeek.languageDependencePollTest">
        <test-method status="PASS" signature="beforeTest()[pri:0, instance:BoardGameGeek.languageDependencePollTest@17baae6e]" name="beforeTest" is-config="true" duration-ms="14127" started-at="2019-10-01T23:41:40 IST" finished-at="2019-10-01T23:41:54 IST">
          <reporter-output>
          </reporter-output>
        </test-method> <!-- beforeTest -->
        <test-method status="FAIL" signature="languageDependenceValidation()[pri:0, instance:BoardGameGeek.languageDependencePollTest@17baae6e]" name="languageDependenceValidation" duration-ms="16769" started-at="2019-10-01T23:41:55 IST" finished-at="2019-10-01T23:42:11 IST">
          <exception class="java.lang.AssertionError">
            <message>
              <![CDATA[expected [Extensive use of text - massive conversion needed to be playable] but found [(no votes)]]]>
            </message>
            <full-stacktrace>
              <![CDATA[java.lang.AssertionError: expected [Extensive use of text - massive conversion needed to be playable] but found [(no votes)]
at org.testng.Assert.fail(Assert.java:97)
at org.testng.Assert.assertEqualsImpl(Assert.java:136)
at org.testng.Assert.assertEquals(Assert.java:118)
at org.testng.Assert.assertEquals(Assert.java:575)
at org.testng.Assert.assertEquals(Assert.java:585)
at Lib.webBased.languageDependenceValidation(webBased.java:68)
at BoardGameGeek.languageDependencePollTest.languageDependenceValidation(languageDependencePollTest.java:24)
at sun.reflect.NativeMethodAccessorImpl.invoke0(Native Method)
at sun.reflect.NativeMethodAccessorImpl.invoke(Unknown Source)
at sun.reflect.DelegatingMethodAccessorImpl.invoke(Unknown Source)
at java.lang.reflect.Method.invoke(Unknown Source)
at org.testng.internal.MethodInvocationHelper.invokeMethod(MethodInvocationHelper.java:133)
at org.testng.internal.TestInvoker.invokeMethod(TestInvoker.java:584)
at org.testng.internal.TestInvoker.invokeTestMethod(TestInvoker.java:172)
at org.testng.internal.MethodRunner.runInSequence(MethodRunner.java:46)
at org.testng.internal.TestInvoker$MethodInvocationAgent.invoke(TestInvoker.java:804)
at org.testng.internal.TestInvoker.invokeTestMethods(TestInvoker.java:145)
at org.testng.internal.TestMethodWorker.invokeTestMethods(TestMethodWorker.java:146)
at org.testng.internal.TestMethodWorker.run(TestMethodWorker.java:128)
at java.util.ArrayList.forEach(Unknown Source)
at org.testng.TestRunner.privateRun(TestRunner.java:770)
at org.testng.TestRunner.run(TestRunner.java:591)
at org.testng.SuiteRunner.runTest(SuiteRunner.java:402)
at org.testng.SuiteRunner.runSequentially(SuiteRunner.java:396)
at org.testng.SuiteRunner.privateRun(SuiteRunner.java:355)
at org.testng.SuiteRunner.run(SuiteRunner.java:304)
at org.testng.SuiteRunnerWorker.runSuite(SuiteRunnerWorker.java:53)
at org.testng.SuiteRunnerWorker.run(SuiteRunnerWorker.java:96)
at org.testng.TestNG.runSuitesSequentially(TestNG.java:1180)
at org.testng.TestNG.runSuitesLocally(TestNG.java:1102)
at org.testng.TestNG.runSuites(TestNG.java:1032)
at org.testng.TestNG.run(TestNG.java:1000)
at org.testng.remote.AbstractRemoteTestNG.run(AbstractRemoteTestNG.java:115)
at org.testng.remote.RemoteTestNG.initAndRun(RemoteTestNG.java:251)
at org.testng.remote.RemoteTestNG.main(RemoteTestNG.java:77)
]]>
            </full-stacktrace>
          </exception> <!-- java.lang.AssertionError -->
          <reporter-output>
          </reporter-output>
        </test-method> <!-- languageDependenceValidation -->
        <test-method status="PASS" signature="afterTest()[pri:0, instance:BoardGameGeek.languageDependencePollTest@17baae6e]" name="afterTest" is-config="true" duration-ms="3328" started-at="2019-10-01T23:42:11 IST" finished-at="2019-10-01T23:42:15 IST">
          <reporter-output>
          </reporter-output>
        </test-method> <!-- afterTest -->
      </class> <!-- BoardGameGeek.languageDependencePollTest -->
    </test> <!-- Test -->
  </suite> <!-- Suite -->
</testng-results>
